<?xml version="1.0" encoding="utf-8"?><testsuites name="pytest tests"><testsuite name="pytest" errors="0" failures="0" skipped="0" tests="18" time="10.326" timestamp="2026-08-18T12:36:41.184937+00:00" hostname="agent-env-7b1d43b1-8ac5-4202-8ce7-5205507f6948"><testcase classname="tests.test_phase2_iteration4.TestCuratedPresets" name="test_wallpapers_count_at_least_10" time="2.220" /><testcase classname="tests.test_phase2_iteration4.TestRegression" name="test_health" time="0.558" /><testcase classname="tests.test_phase2_iteration4.TestRegression" name="test_categories" time="0.086" /><testcase classname="tests.test_phase2_iteration4.TestRegression" name="test_daily_darshan_hindi" time="0.084" /><testcase classname="tests.test_phase2_iteration4.TestRegression" name="test_search_krishna" time="0.780" /><testcase classname="tests.test_phase2_iteration4.TestRegression" name="test_admin_requires_jwt" time="0.417" /><testcase classname="tests.test_phase2_iteration4.TestCuratedPresets" name="test_no_old_preset_names" time="1.912" /><testcase classname="tests.test_phase2_iteration4.TestRegression" name="test_admin_dashboard" time="0.678" /><testcase classname="tests.test_phase2_iteration4.TestRegression" name="test_publish_unpublish_cycle" time="2.139" /><testcase classname="tests.test_phase2_iteration4.TestCuratedPresets" name="test_all_presets_valid_or_none" time="1.965" /><testcase classname="tests.test_phase2_iteration4.TestUploadRegression" name="test_upload_png_returns_200" time="0.546" /><testcase classname="tests.test_phase2_iteration4.TestUploadRegression" name="test_upload_bad_mime_rejected" time="0.085" /><testcase classname="tests.test_phase2_iteration4.TestUploadRegression" name="test_upload_requires_auth" time="0.083" /><testcase classname="tests.test_phase2_iteration4.TestCreateLiveWithIntensity" name="test_create_live_temple_high_intensity" time="0.101" /><testcase classname="tests.test_phase2_iteration4.TestCreateLiveWithIntensity" name="test_new_wallpaper_appears_publicly" time="1.939" /><testcase classname="tests.test_phase2_iteration4.TestCuratedPresets" name="test_featured_four_curated_presets" time="1.966" /><testcase classname="tests.test_phase2_iteration4.TestCreateLiveWithIntensity" name="test_cleanup" time="2.011" /><testcase classname="tests.test_phase2_iteration4.TestCuratedPresets" name="test_non_live_have_preset_none" time="1.911" /></testsuite></testsuites>