<?xml version="1.0" encoding="utf-8"?><testsuites name="pytest tests"><testsuite name="pytest" errors="0" failures="1" skipped="0" tests="15" time="7.353" timestamp="2026-08-16T02:10:32.871204+00:00" hostname="agent-env-7b1d43b1-8ac5-4202-8ce7-5205507f6948"><testcase classname="tests.test_phase2_upload_and_live.TestUpload" name="test_upload_requires_auth" time="0.191" /><testcase classname="tests.test_phase2_upload_and_live.TestRegression" name="test_health" time="0.222" /><testcase classname="tests.test_phase2_upload_and_live.TestRegression" name="test_search" time="0.844" /><testcase classname="tests.test_phase2_upload_and_live.TestUpload" name="test_upload_rejects_bad_mime" time="0.376" /><testcase classname="tests.test_phase2_upload_and_live.TestUpload" name="test_upload_png_returns_200_and_serves_bytes" time="0.520" /><testcase classname="tests.test_phase2_upload_and_live.TestRegression" name="test_daily_darshan_hindi" time="0.085" /><testcase classname="tests.test_phase2_upload_and_live.TestUpload" name="test_files_missing_returns_404" time="0.049" /><testcase classname="tests.test_phase2_upload_and_live.TestWallpaperWithUpload" name="test_create_wallpaper_with_uploaded_thumbnail" time="0.084" /><testcase classname="tests.test_phase2_upload_and_live.TestRegression" name="test_admin_endpoints_require_auth" time="0.475" /><testcase classname="tests.test_phase2_upload_and_live.TestWallpaperWithUpload" name="test_new_wallpaper_appears_publicly" time="1.612" /><testcase classname="tests.test_phase2_upload_and_live.TestRegression" name="test_admin_dashboard" time="0.312" /><testcase classname="tests.test_phase2_upload_and_live.TestPhase2Fields" name="test_public_wallpapers_have_phase2_fields" time="1.669" /><testcase classname="tests.test_phase2_upload_and_live.TestWallpaperWithUpload" name="test_cleanup" time="0.050" /><testcase classname="tests.test_phase2_upload_and_live.TestPhase2Fields" name="test_featured_demo_live_presets" time="1.687"><failure message="AssertionError: No featured wallpaper for Temple&#10;assert []">backend/tests/test_phase2_upload_and_live.py:148: in test_featured_demo_live_presets
    assert featured, f"No featured wallpaper for {deity}"
E   AssertionError: No featured wallpaper for Temple
E   assert []</failure></testcase><testcase classname="tests.test_phase2_upload_and_live.TestPhase2Fields" name="test_non_featured_static" time="1.695" /></testsuite></testsuites>