<?xml version="1.0" encoding="utf-8"?><testsuites name="pytest tests"><testsuite name="pytest" errors="0" failures="0" skipped="0" tests="6" time="3.637" timestamp="2026-08-15T17:14:43.635087+00:00" hostname="agent-env-7b1d43b1-8ac5-4202-8ce7-5205507f6948"><testcase classname="tests.test_divyalive_api" name="test_health" time="0.150" /><testcase classname="tests.test_divyalive_api" name="test_public_content" time="1.802" /><testcase classname="tests.test_divyalive_api" name="test_search_filters" time="0.600" /><testcase classname="tests.test_divyalive_api" name="test_admin_login_and_dashboard" time="0.323" /><testcase classname="tests.test_divyalive_api" name="test_admin_rejected_without_token" time="0.045" /><testcase classname="tests.test_divyalive_api" name="test_category_create_persists" time="0.400" /></testsuite></testsuites>