<?xml version="1.0" encoding="utf-8"?><testsuites name="pytest tests"><testsuite name="pytest" errors="0" failures="1" skipped="0" tests="6" time="3.799" timestamp="2026-08-15T16:34:56.396562+00:00" hostname="agent-env-7b1d43b1-8ac5-4202-8ce7-5205507f6948"><testcase classname="tests.test_divyalive_api" name="test_health" time="0.180" /><testcase classname="tests.test_divyalive_api" name="test_public_content" time="1.994" /><testcase classname="tests.test_divyalive_api" name="test_search_filters" time="0.631" /><testcase classname="tests.test_divyalive_api" name="test_admin_login_and_dashboard" time="0.318" /><testcase classname="tests.test_divyalive_api" name="test_admin_rejected_without_token" time="0.041" /><testcase classname="tests.test_divyalive_api" name="test_category_create_persists" time="0.316"><failure message="assert (500 == 200)&#10; +  where 500 = &lt;Response [500]&gt;.status_code">backend/tests/test_divyalive_api.py:45: in test_category_create_persists
    assert r.status_code == 200 and r.json()["name"] == name
E   assert (500 == 200)
E    +  where 500 = &lt;Response [500]&gt;.status_code</failure></testcase></testsuite></testsuites>